Connected to Dynamips VM "R7" (ID 7, type c7200) - Console port
Press ENTER to get the prompt.
cal country laws governing import, export, transfer and
use. Delivery of Cisco cryptographic products does not imply
third-party authority to import, export, distribute or use encryption.
Importers, exporters, distributors and users are responsible for
compliance with U.S. and local country laws. By using this product you
agree to comply with applicable laws and regulations. If you are unable
to comply with U.S. and local laws, return this product immediately.

A summary of U.S. laws governing Cisco cryptographic products may be found at:
http://www.cisco.com/wwl/export/crypto/tool/stqrg.html

If you require further assistance please contact us by sending email to
export@cisco.com.

Cisco 7206VXR (NPE400) processor (revision A) with 491520K/32768K bytes of memory.
Processor board ID 4279256517
R7000 CPU at 150MHz, Implementation 39, Rev 2.1, 256KB L2, 512KB L3 Cache
6 slot VXR midplane, Version 2.1

Last reset from power-on

PCI bus mb0_mb1 (Slots 0, 1, 3 and 5) has a capacity of 600 bandwidth points.
Current configuration on bus mb0_mb1 has a total of 400 bandwidth points. 
This configuration is within the PCI bus capacity and is supported. 

PCI bus mb2 (Slots 2, 4, 6) has a capacity of 600 bandwidth points.
Current configuration on bus mb2 has a total of 200 bandwidth points 
This configuration is within the PCI bus capacity and is supported. 

Please refer to the following document "Cisco 7200 Series Port Adaptor
Hardware Configuration Guidelines" on Cisco.com <http://www.cisco.com>
for c7200 bandwidth points oversubscription and usage guidelines.


3 FastEthernet interfaces
125K bytes of NVRAM.

131072K bytes of ATA PCMCIA card at slot 0 (Sector size 512 bytes).
131072K bytes of ATA PCMCIA card at slot 1 (Sector size 512 bytes).
8192K bytes of Flash internal SIMM (Sector size 256K).
% Crashinfo may not be recovered at bootflash:crashinfo
% This file system device reports an error


Press RETURN to get started!


*Jul 28 14:06:23.015: %IFMGR-7-NO_IFINDEX_FILE: Unable to open nvram:/ifIndex-table No such file or directory
*Jul 28 14:06:23.231: %DEC21140-1-INITFAIL: Unsupported PHY brand timed out, csr5=0x0
*Jul 28 14:06:23.331: %DEC21140-1-INITFAIL: Unsupported PHY brand timed out, csr5=0x0
*Jul 28 14:06:23.435: %DEC21140-1-INITFAIL: Unsupported PHY brand timed out, csr5=0x0
*Jul 28 14:06:28.263: %LINK-3-UPDOWN: Interface FastEthernet0/0, changed state to up
*Jul 28 14:06:28.299: %LINK-3-UPDOWN: Interface FastEthernet1/0, changed state to up
*Jul 28 14:06:28.311: %LINK-3-UPDOWN: Interface FastEthernet2/0, changed state to up
*Jul 28 14:06:28.619: %LINEPROTO-5-UPDOWN: Line protocol on Interface Loopback0, changed state to up
*Jul 28 14:06:29.095: %SYS-5-CONFIG_I: Configured from memory by console
*Jul 28 14:06:29.403: %LINEPROTO-5-UPDOWN: Line protocol on Interface FastEthernet0/0, changed state to up
*Jul 28 14:06:29.407: %LINEPROTO-5-UPDOWN: Line protocol on Interface FastEthernet1/0, changed state to down
*Jul 28 14:06:29.411: %LINEPROTO-5-UPDOWN: Line protocol on Interface FastEthernet2/0, changed state to down
*Jul 28 14:06:29.495: %SYS-5-RESTART: System restarted --
Cisco IOS Software, 7200 Software (C7200-ADVIPSERVICESK9-M), Version 15.2(4)S5, RELEASE SOFTWARE (fc1)
Technical Support: http://www.cisco.com/techsupport
Copyright (c) 1986-2014 by Cisco Systems, Inc.
Compiled Thu 20-Feb-14 06:51 by prod_rel_team
*Jul 28 14:06:30.927: %LINK-5-CHANGED: Interface FastEthernet1/0, changed state to administratively down
*Jul 28 14:06:30.983: %LINK-5-CHANGED: Interface FastEthernet2/0, changed state to administratively down
*Jul 28 14:06:48.699: %SYS-3-CPUHOG: Task is running for (2060)msecs, more than (2000)msecs (2/2),process = Crypto CA.
-Traceback= 0x61E25A90z 0x61E2E758z 0x62A56964z 0x62A578FCz 0x62A57A1Cz 0x62A42BECz 0x62A681F8z 0x62A52808z 0x62A4D518z 0x62A4D598z 0x62A4CF74z 0x62A82B88z 0x62A8293Cz 0x62A8293Cz 0x62A82D40z 0x62A51DBCz 
