% failed to initialize nvram

This product contains cryptographic features and is subject to United
States and local country laws governing import, export, transfer and
use. Delivery of Cisco cryptographic products does not imply
third-party authority to import, export, distribute or use encryption.
Importers, exporters, distributors and users are responsible for
compliance with U.S. and local country laws. By using this product you
agree to comply with applicable laws and regulations. If you are unable
to comply with U.S. and local laws, return this product immediately.

A summary of U.S. laws governing Cisco cryptographic products may be found at:
http://www.cisco.com/wwl/export/crypto/tool/stqrg.html

If you require further assistance please contact us by sending email to
export@cisco.com.


 Parameter map cws-tunnel global not configuredcisco CSR1000V (VXE) processor (revision VXE) with 1090799K/6147K bytes of memory.
Processor board ID 974760IZ7PK
4 Gigabit Ethernet interfaces
32768K bytes of non-volatile configuration memory.
3022272K bytes of physical memory.
7774207K bytes of virtual hard disk at bootflash:.
.Done!

SETUP: new interface GigabitEthernet1 placed in "shutdown" state
SETUP: new interface GigabitEthernet2 placed in "shutdown" state
SETUP: new interface GigabitEthernet3 placed in "shutdown" state
SETUP: new interface GigabitEthernet4 placed in "shutdown" state


Press RETURN to get started!


*Jul 28 04:47:16.706: %VUDI-6-EVENT: [serial number: 974760IZ7PK], [vUDI: CSR1000V:974760IZ7PK], A new vUDI has been generated
*Jul 28 04:47:16.706: %VUDI-6-EVENT: [serial number: 974760IZ7PK], [vUDI: CSR1000V:974760IZ7PK], A new vUDI is generated for this new VM instance
*Jul 28 04:47:17.206: %SMART_LIC-6-AGENT_READY: Smart Agent for Licensing is initialized
*Jul 28 04:47:17.337: %IOS_LICENSE_IMAGE_APPLICATION-6-LICENSE_LEVEL: Module name = csr1000v Next reboot 
Router>level = ax and License = No valid license found
*Jul 28 04:47:28.252: %IOSXE_RP_NV-3-NV_ACCESS_FAIL: Initial read of NVRAM contents failed
*Jul 28 04:47:28.842: %VXE_THROUGHPUT-6-LEVEL: Throughput level has been set to 100 kbps
*Jul 28 04:47:28.842: %VXE_THROUGHPUT-2-LOW_THROUGHPUT: CSR throughput set to low default level 100kbps, system performance can be severely impacted.Please install a valid license, configure the boot level and reload, to switch to a higher throughput
*Jul 28 04:47:28.844: memupgrade reg_invoke_iosxe_license_register_feature: VXE_MEM_LIC_STR

*Jul 28 04:47:32.086: dev_pluggable_optics_selftest attribute table internally inconsistent @ 0x144

*Jul 28 04:47:32.697: %VUDI-6-EVENT: [serial number: 974760IZ7PK], [vUDI: ], vUDI initialization is now complete
*Jul 28 04:47:34.522: %SPANTREE-5-EXTENDED_SYSID: Extended SysId enabled for type vlan
*Jul 28 04:47:34.693: %VOICE_HA-7-STATUS: CUBE HA-supported platform detected.
*Jul 28 04:47:35.553: %LINK-3-UPDOWN: Interface Lsmpi0, changed state to up
*Jul 28 04:47:35.554: %LINK-3-UPDOWN: Interface EOBC0, changed state to up
*Jul 28 04:47:35.554: %LINEPROTO-5-UPDOWN: Line protocol on Interface VoIP-Null0, changed state to up
*Jul 28 04:47:35.554: %LINEPROTO-5-UPDOWN: Line protocol on Interface LI-Null0, changed state to up
*Jul 28 04:47:35.554: %LINK-3-UPDOWN: Interface LIIN0, changed state to up
*Jul 28 04:47:35.554: %LINK-3-UPDOWN: Interface GigabitEthernet1, changed state to down
*Jul 28 04:47:35.559: %LINK-3-UPDOWN: Interface GigabitEthernet2, changed state to down
*Jul 28 04:47:35.559: %LINK-3-UPDOWN: Interface GigabitEthernet3, changed state to down
*Jul 28 04:47:35.559: %LINK-3-UPDOWN: Interface GigabitEthernet4, changed state to down
*Jul 28 04:47:36.554: %LINEPROTO-5-UPDOWN: Line protocol on Interface Lsmpi0, changed state to up
*Jul 28 04:47:36.554: %LINEPROTO-5-UPDOWN: Line protocol on Interface EOBC0, changed state to up
*Jul 28 04:47:36.554: %LINEPROTO-5-UPDOWN: Line protocol on Interface LIIN0, changed state to up
*Jul 28 04:47:36.554: %LINEPROTO-5-UPDOWN: Line protocol on Interface GigabitEthernet1, changed state to down
*Jul 28 04:47:36.560: %LINEPROTO-5-UPDOWN: Line protocol on Interface GigabitEthernet2, changed state to down
*Jul 28 04:47:36.560: %LINEPROTO-5-UPDOWN: Line protocol on Interface GigabitEthernet3, changed state to down
*Jul 28 04:47:36.560: %LINEPROTO-5-UPDOWN: Line protocol on Interface GigabitEthernet4, changed state to down
*Jul 28 04:47:38.478: %IOSXE_OIR-6-INSCARD: Card (rp) inserted i
Router>
Router>
Router>
Router>n slot R1
*Jul 28 04:47:38.480: %IOSXE_OIR-6-INSCARD: Card (fp) inserted in slot F0
*Jul 28 04:47:38.480: %IOSXE_OIR-6-ONLINECARD: Card (fp) online in slot F0
*Jul 28 04:47:39.022: %SYS-5-RESTART: System restarted --
Cisco IOS Software, CSR1000V Software (X86_64_LINUX_IOSD-UNIVERSALK9-M), Version 15.5(3)S5, RELEASE SOFTWARE (fc2)
Technical Support: http://www.cisco.com/techsupport
Copyright (c) 1986-2017 by Cisco Systems, Inc.
Compiled Thu 19-Jan-17 09:11 by mcpre
*Jul 28 04:47:39.036: %CRYPTO-6-IS
Router>
Router>AKMP_ON_OFF: ISAKMP is OFF
*Jul 28 04:47:39.036: %CRYPTO-6-GDOI_ON_OFF: GDOI is OFF
*Jul 28 04:47:40.193: %LINK-5-CHANGED: Interface GigabitEthernet1, changed state to administratively down
*Jul 28 04:47:40.265: %LINK-5-CHANGED: Interface GigabitEthernet2, changed state to administratively down
*Jul 28 04:47:40.331: %LINK-5-CHANGED: Interface GigabitEthernet3, changed state to administratively down
*Jul 28 04:47:40.394: %LINK-5-CHANGED: Interface GigabitEthernet4, changed state to administratively dow
Router>
Router>
Router>
Router>n
Router>
Router>
Building configuration...

*Jul 28 04:47:52.417: %VMAN-5-PACKAGE_SIGNING_LEVEL_ON_INSTALL: F0: vman:  Package 'iosxe-remote-mgmt.03.16.05.S.155-3.S5-ext.ova' for service container 'csr_mgmt' is 'Cisco signed', signing level cached on original install is 'Cisco signed'
*Jul 28 04:47:52.916: %VIRT_SERVICE-5-INSTALL_STATE: Successfully installed virtual service csr_mgmt[OK]
*Jul 28 04:47:53.050: %ONEP_BASE-6-SS_ENABLED: ONEP: Service set Base was enabled by Default
*Jul 28 04:47:53.603: %LICENSE-4-UDI_MISMATCH: The source license udi(CSR1000V:9S2KOPAUVOD) differs from the platform udi(CSR1000V:974760IZ7PK), please save the running config.
*Jul 28 04:47:53.624: %LINEPROTO-5-UPDOWN: Line protocol on Interface Loopback0, changed state to up
*Jul 28 04:47:53.665: %LINEPROTO-5-UPDOWN: Line protocol on Interface Loopback10, changed state to up
*Jul 28 04:47:53.754: %IOSXE
Building configuration...
-4-PLATFORM: R0/0: kernel: e1000: Gi1: e1000_phy_read_status: Error reading PHY register
*Jul 28 04:47:53.830: %IOSXE-4-PLATFORM: R0/0: kernel: e1000: Gi2: e1000_phy_read_status: Error reading PHY register
*Jul 28 04:47:53.886: %IOSXE-4-PLATFORM: R0/0: kernel: e1000: Gi3: e1000_phy_read_status: Error reading PHY register
*Jul 28 04:47:53.934: %IOSXE-4-PLATFORM: R0/0: kernel: e1000: Gi4: e1000_phy_read_status: Error reading PHY register
*Jul 28 04:47:53.995: %LDP-5-INFO: default: LDP ID removed
*Jul 28 04:47:53.996: %CVAC-4-CLI_FAILURE: Configuration command failure: 'no platform punt-keepalive disable-kernel-core ' was rejected
*Jul 28 04:47:53.996: %CVAC-4-CLI_FAILURE: Configuration command failure: '' was rejected
*Jul 28 04:47:53.996: %CVAC-4-CLI_FAILURE: Configuration command failure: 'license udi pid CSR1000V sn 9S2KOPAUVOD' was rejected
*Jul 28 04:47:53.996: %CVAC-4-CLI_FAILURE: Configuration command failure: 'negotiation auto ' was rejected
*Jul 28 04:47:53.996: %CVAC-4-CLI_FAILURE: Configur[OK]ation command failure: 'negotiation auto ' was rejected
*Jul 28 04:47:53.996: %CVAC-4-CLI_FAILURE: Configuration command failure: 'negotiation auto ' was rejected
*Jul 28 04:47:53.996: %CVAC-3-CONFIG_ERROR: 14 error(s) while applying configs generated from file cdrom0:/iosxe_config.txt. Please inspect bootflash:/cvac.log for details.
*Jul 28 04:47:54.936: %CVAC-4-CONFIG_DONE: Configuration generated from file cdrom0:/iosxe_config.txt was applied and saved to NVRAM. See bootflash:/cvac.log for more dquit

































CSR2 con0 is now available





Press RETURN to get started.












etails.
*Jul 28 04:47:55.939: %LINK-5-CHANGED: Interface GigabitEthernet4, changed state to administratively down
*Jul 28 04:47:58.100: %CONFIG_CSRLXC-5-CONFIG_DONE: Configuration was applied and saved to NVRAM. See bootflash:/csrlxc-cfg.log for more details.
CSR2>
CSR2>
CSR2>
CSR2>
*Jul 28 04:48:05.239: %LINK-3-UPDOWN: Interface GigabitEthernet1, changed state to up
*Jul 28 04:48:05.320: %LINK-3-UPDOWN: Interface GigabitEthernet2, changed state to up
*Jul 28 04:48:05.385: %LINK-3-UPDOWN: Interface GigabitEthernet3, changed state to up
*Jul 28 04:48:06.241: %LINEPROTO-5-UPDOWN: Line protocol on Interface GigabitEthernet1, changed state to up
*Jul 28 04:48:06.320: %LINEPROTO-5-UPDOWN: Line protocol on Interface GigabitEthernet2, changed state to up
*Jul 28 04:48:06.385: %LINEPROTO-5-UPDOWN: Line protocol on Interface GigabitEthernet3, changed state to up
*Jul 28 04:48:13.562: %BGP-5-ADJCHANGE: neighbor 10.1.2.1 vpn vrf VPN_A Up 
*Jul 28 04:48:49.955: %OSPF-5-ADJCHG: Process 1, Nbr 4.4.4.4 on GigabitEthernet2 from LOADING to FULL, Loading Done
*Jul 28 04:48:50.146: %OSPF-5-ADJCHG: Process 1, Nbr 3.3.3.3 on GigabitEthernet3 from LOADING to FULL, Loading Done
*Jul 28 04:49:01.211: %LDP-5-NBRCHG: LDP Neighbor 3.3.3.3:0 (1) is UP
*Jul 28 04:49:03.000: %LDP-5-NBRCHG: LDP Neighbor 4.4.4.4:0 (2) is UP
CSR2>
CSR2>
