

IMPORTANT:  READ CAREFULLY
Welcome to the Demo Version of Cisco IOS XRv (the "Software").
The Software is subject to and governed by the terms and conditions
of the End User License Agreement and the Supplemental End User
License Agreement accompanying the product, made available at the
time of your order, or posted on the Cisco website at
www.cisco.com/go/terms (collectively, the "Agreement").
As set forth more fully in the Agreement, use of the Software is
strictly limited to internal use in a non-production environment
solely for demonstration and evaluation purposes.  Downloading,
installing, or using the Software constitutes acceptance of the
Agreement, and you are binding yourself and the business entity
that you represent to the Agreement.  If you do not agree to all
of the terms of the Agreement, then Cisco is unwilling to license
the Software to you and (a) you may not download, install or use the
Software, and (b) you may return the Software as more fully set forth
in the Agreement.


Please login with any configured user/password, or cisco/cisco


User Access Verification

Username: 
Username: cisco
Password: 


RP/0/0/CPU0:XR1#
RP/0/0/CPU0:XR1#
RP/0/0/CPU0:XR1#conf t
Wed Jul  4 11:48:32.017 UTC
RP/0/0/CPU0:XR1(config)#
RP/0/0/CPU0:XR1(config)#router ospf 1 area 0 interface  gigabitEthernet 0/0/0/2
RP/0/0/CPU0:XR1(config-ospf-ar-if)#
RP/0/0/CPU0:XR1(config-ospf-ar-if)#exit
RP/0/0/CPU0:XR1(config-ospf-ar)#exit
RP/0/0/CPU0:XR1(config-ospf)#exit
RP/0/0/CPU0:XR1(config)#interface gigabitEthernet 0/0/0/2 ipv4 address 10.19.2$
RP/0/0/CPU0:XR1(config)#commit 
Wed Jul  4 11:49:19.704 UTC
RP/0/0/CPU0:XR1(config)#
RP/0/0/CPU0:XR1(config)#
RP/0/0/CPU0:XR1(config)#
RP/0/0/CPU0:XR1(config)#en
RP/0/0/CPU0:XR1#
RP/0/0/CPU0:XR1#
RP/0/0/CPU0:XR1#s
sam         schema-describe  scp          send
service     set              setpriority  sftp
show        snmp             srp          ssh
subscriber  system           
RP/0/0/CPU0:XR1#s
sam         schema-describe  scp          send
service     set              setpriority  sftp
show        snmp             srp          ssh
subscriber  system           
RP/0/0/CPU0:XR1#s
sam         schema-describe  scp          send
service     set              setpriority  sftp
show        snmp             srp          ssh
subscriber  system           
RP/0/0/CPU0:XR1#show ospf  
ospf  ospfv3  
RP/0/0/CPU0:XR1#show ospf neighbor 
Wed Jul  4 11:50:00.911 UTC
RP/0/0/CPU0:XR1#
RP/0/0/CPU0:XR1#
RP/0/0/CPU0:XR1#conf t
Wed Jul  4 11:50:09.060 UTC
RP/0/0/CPU0:XR1(config)#exit
RP/0/0/CPU0:XR1#
RP/0/0/CPU0:XR1#sh interfaces brief 
Wed Jul  4 11:50:20.040 UTC

               Intf       Intf        LineP              Encap  MTU        BW
               Name       State       State               Type (byte)    (Kbps)
--------------------------------------------------------------------------------
                Nu0          up          up               Null  1500          0
       Mg0/0/CPU0/0  admin-down  admin-down               ARPA  1514          0
          Gi0/0/0/0  admin-down  admin-down               ARPA  1514    1000000
          Gi0/0/0/1  admin-down  admin-down               ARPA  1514    1000000
          Gi0/0/0/2  admin-down  admin-down               ARPA  1514    1000000

RP/0/0/CPU0:XR1#conf t
Wed Jul  4 11:50:22.539 UTC
RP/0/0/CPU0:XR1(config)#interface gigabitEthernet 0/0/0/2
RP/0/0/CPU0:XR1(config-if)#no shut
RP/0/0/CPU0:XR1(config-if)#commit 
Wed Jul  4 11:50:32.049 UTC
RP/0/0/CPU0:Jul  4 11:50:32.109 : ifmgr[228]: %PKT_INFRA-LINK-3-UPDOWN : Interface GigabitEthernet0/0/0/2, changed state to Down 
RP/0/0/CPU0:XR1(config-if)#RP/0/0/CPU0:Jul  4 11:50:32.159 : ifmgr[228]: %PKT_INFRA-LINK-3-UPDOWN : Interface GigabitEthernet0/0/0/2, changed state to Up 
RP/0/0/CPU0:XR1(config-if)#end    
RP/0/0/CPU0:XR1#
RP/0/0/CPU0:XR1#
RP/0/0/CPU0:XR1#sh interfaces brief 
Wed Jul  4 11:51:00.637 UTC

               Intf       Intf        LineP              Encap  MTU        BW
               Name       State       State               Type (byte)    (Kbps)
--------------------------------------------------------------------------------
                Nu0          up          up               Null  1500          0
       Mg0/0/CPU0/0  admin-down  admin-down               ARPA  1514          0
          Gi0/0/0/0  admin-down  admin-down               ARPA  1514    1000000
          Gi0/0/0/1  admin-down  admin-down               ARPA  1514    1000000
          Gi0/0/0/2          up          up               ARPA  1514    1000000

RP/0/0/CPU0:XR1#
RP/0/0/CPU0:XR1#
RP/0/0/CPU0:XR1#show ospf neighbor  
Wed Jul  4 11:51:04.917 UTC

* Indicates MADJ interface
# Indicates Neighbor awaiting BFD session up

Neighbors for OSPF 1

Neighbor ID     Pri   State           Dead Time   Address         Interface
19.19.19.19     1     FULL/DR         00:00:38    10.19.20.1      GigabitEthernet0/0/0/2
    Neighbor is up for 00:00:29

Total neighbor count: 1
RP/0/0/CPU0:XR1#
RP/0/0/CPU0:XR1#
RP/0/0/CPU0:XR1#show route
Wed Jul  4 11:51:13.246 UTC

Codes: C - connected, S - static, R - RIP, B - BGP, (>) - Diversion path
       D - EIGRP, EX - EIGRP external, O - OSPF, IA - OSPF inter area
       N1 - OSPF NSSA external type 1, N2 - OSPF NSSA external type 2
       E1 - OSPF external type 1, E2 - OSPF external type 2, E - EGP
       i - ISIS, L1 - IS-IS level-1, L2 - IS-IS level-2
       ia - IS-IS inter area, su - IS-IS summary null, * - candidate default
       U - per-user static route, o - ODR, L - local, G  - DAGR, l - LISP
       A - access/subscriber, a - Application route
       M - mobile route, r - RPL, (!) - FRR Backup path

Gateway of last resort is not set

O    1.1.1.1/32 [110/65540] via 10.19.20.1, 00:00:37, GigabitEthernet0/0/0/2
O    2.2.2.2/32 [110/5] via 10.19.20.1, 00:00:37, GigabitEthernet0/0/0/2
O    3.3.3.3/32 [110/4] via 10.19.20.1, 00:00:37, GigabitEthernet0/0/0/2
O    4.4.4.4/32 [110/4] via 10.19.20.1, 00:00:37, GigabitEthernet0/0/0/2
O    5.5.5.5/32 [110/4] via 10.19.20.1, 00:00:37, GigabitEthernet0/0/0/2
O    6.6.6.6/32 [110/3] via 10.19.20.1, 00:00:37, GigabitEthernet0/0/0/2
O    10.1.2.0/30 [110/65539] via 10.19.20.1, 00:00:37, GigabitEthernet0/0/0/2
C    10.19.20.0/30 is directly connected, 00:00:41, GigabitEthernet0/0/0/2
L    10.19.20.2/32 is directly connected, 00:00:41, GigabitEthernet0/0/0/2
O    19.19.19.19/32 [110/2] via 10.19.20.1, 00:00:37, GigabitEthernet0/0/0/2
O    20.2.3.0/30 [110/4] via 10.19.20.1, 00:00:37, GigabitEthernet0/0/0/2
O    20.2.4.0/30 [110/4] via 10.19.20.1, 00:00:37, GigabitEthernet0/0/0/2
O    20.3.4.0/30 [110/4] via 10.19.20.1, 00:00:37, GigabitEthernet0/0/0/2
O    20.3.6.0/30 [110/3] via 10.19.20.1, 00:00:37, GigabitEthernet0/0/0/2
O    20.4.5.0/30 [110/4] via 10.19.20.1, 00:00:37, GigabitEthernet0/0/0/2
O    20.4.6.0/30 [110/3] via 10.19.20.1, 00:00:37, GigabitEthernet0/0/0/2
O    20.5.6.0/30 [110/3] via 10.19.20.1, 00:00:37, GigabitEthernet0/0/0/2
O    20.5.19.0/30 [110/2] via 10.19.20.1, 00:00:37, GigabitEthernet0/0/0/2
O    20.6.19.0/30 [110/2] via 10.19.20.1, 00:00:37, GigabitEthernet0/0/0/2
O    20.19.5.0/30 [110/4] via 10.19.20.1, 00:00:37, GigabitEthernet0/0/0/2
RP/0/0/CPU0:XR1# 
RP/0/0/CPU0:XR1#
RP/0/0/CPU0:XR1#
*
* The idle timeout is soon to expire on this line
*



































































































































XR1 con0/0/CPU0 is now available





Press RETURN to get started.



IMPORTANT:  READ CAREFULLY
Welcome to the Demo Version of Cisco IOS XRv (the "Software").
The Software is subject to and governed by the terms and conditions
of the End User License Agreement and the Supplemental End User
License Agreement accompanying the product, made available at the
time of your order, or posted on the Cisco website at
www.cisco.com/go/terms (collectively, the "Agreement").
As set forth more fully in the Agreement, use of the Software is
strictly limited to internal use in a non-production environment
solely for demonstration and evaluation purposes.  Downloading,
installing, or using the Software constitutes acceptance of the
Agreement, and you are binding yourself and the business entity
that you represent to the Agreement.  If you do not agree to all
of the terms of the Agreement, then Cisco is unwilling to license
the Software to you and (a) you may not download, install or use the
Software, and (b) you may return the Software as more fully set forth
in the Agreement.


Please login with any configured user/password, or cisco/cisco


User Access Verification

Username: 
Username: cisco
Password: 


RP/0/0/CPU0:XR1#terminal length 0
Wed Jul  4 12:11:07.354 UTC
RP/0/0/CPU0:XR1#configure terminal
Wed Jul  4 12:11:07.514 UTC
RP/0/0/CPU0:XR1(config)#no logging console
RP/0/0/CPU0:XR1(config)#commit
Wed Jul  4 12:11:07.914 UTC
RP/0/0/CPU0:XR1(config)#exit
RP/0/0/CPU0:XR1#show running-config
Wed Jul  4 12:11:08.224 UTC
Building configuration...
!! IOS XR Configuration 6.0.1
!! Last configuration change at Wed Jul  4 11:50:32 2018 by cisco
!
hostname XR1
interface MgmtEth0/0/CPU0/0
 shutdown
!
interface GigabitEthernet0/0/0/0
 shutdown
!
interface GigabitEthernet0/0/0/1
 shutdown
!
interface GigabitEthernet0/0/0/2
 ipv4 address 10.19.20.2 255.255.255.252
!
router ospf 1
 area 0
  interface GigabitEthernet0/0/0/2
  !
 !
!
end

RP/0/0/CPU0:XR1#quit


































































































































XR1 con0/0/CPU0 is now available





Press RETURN to get started.

