
CSR2#
CSR2#
CSR2#show ip cef 20.20.20.20 detail
20.20.20.20/32, epoch 2, flags [rib only nolabel, rib defined all labels]
  recursive via 19.19.19.19
    nexthop 20.2.3.2 GigabitEthernet3 label 305
    nexthop 20.2.4.2 GigabitEthernet2 label 406
CSR2#
CSR2#show ip cef 19.19.19.19 detail 
19.19.19.19/32, epoch 2, per-destination sharing
  local label info: global/209
  1 RR source [no flags]
  nexthop 20.2.3.2 GigabitEthernet3 label 305
  nexthop 20.2.4.2 GigabitEthernet2 label 406
CSR2#show ip cef 6.6.6.6 det       
CSR2#show ip cef 6.6.6.6 detail 
6.6.6.6/32, epoch 2, per-destination sharing
  local label info: global/201
  nexthop 20.2.3.2 GigabitEthernet3 label 308
  nexthop 20.2.4.2 GigabitEthernet2 label 401
CSR2#
CSR2#
CSR2#
CSR2#
CSR2#terminal length 0
CSR2#more system:running-config
!
! Last configuration change at 13:28:59 UTC Wed Jul 4 2018
!
version 15.5
service timestamps debug datetime msec
service timestamps log datetime msec
no platform punt-keepalive disable-kernel-core
platform console serial
!
hostname CSR2
!
boot-start-marker
boot-end-marker
!
!
!
no aaa new-model
no process cpu autoprofile hog
!
!
!
!
!
!
!
!
!
!
!



!
!
!
!
!
!
!
!
!
!
subscriber templating
!
mpls label range 200 299
mpls ldp session protection
mpls ldp label
 allocate global prefix-list LABELS
multilink bundle-name authenticated
!
!
!
!
!
!
!
!
!
!
!
!
!
license udi pid CSR1000V sn 9S2KOPAUVOD
!
spanning-tree extend system-id
!
!
redundancy
!
!
!
!
!
!
! 
!
!
!
!
!
!
!
!
!
!
!
!
! 
! 
! 
! 
! 
! 
!
!
interface Loopback0
 ip address 2.2.2.2 255.255.255.255
!
interface Loopback10
 no ip address
!
interface GigabitEthernet1
 ip address 10.1.2.2 255.255.255.252
 negotiation auto
 mpls ip
!
interface GigabitEthernet2
 ip address 20.2.4.1 255.255.255.252
 negotiation auto
 mpls ip
!
interface GigabitEthernet3
 ip address 20.2.3.1 255.255.255.252
 negotiation auto
 mpls ip
!
interface GigabitEthernet4
 no ip address
 shutdown
 negotiation auto
!
router ospf 1
 network 2.2.2.2 0.0.0.0 area 0
 network 20.2.3.0 0.0.0.3 area 0
 network 20.2.4.0 0.0.0.3 area 0
 mpls ldp sync
!
router bgp 100
 bgp log-neighbor-changes
 neighbor 10.1.2.1 remote-as 1
 neighbor 19.19.19.19 remote-as 100
 neighbor 19.19.19.19 update-source Loopback0
 neighbor 19.19.19.19 next-hop-self
!
!
virtual-service csr_mgmt
!
ip forward-protocol nd
!
no ip http server
no ip http secure-server
!
!
ip prefix-list LABELS seq 5 permit 2.2.2.2/32
ip prefix-list LABELS seq 10 permit 3.3.3.3/32
ip prefix-list LABELS seq 15 permit 4.4.4.4/32
ip prefix-list LABELS seq 20 permit 5.5.5.5/32
ip prefix-list LABELS seq 25 permit 6.6.6.6/32
ip prefix-list LABELS seq 30 permit 19.19.19.19/32
!
mpls ldp router-id Loopback0 force
!
!
control-plane
!
 !
 !
 !
 !
!
!
!
!
!
line con 0
 exec-timeout 0 0
 stopbits 1
line vty 0
 login
line vty 1
 login
 length 0
line vty 2 4
 login
!
!
end

CSR2#quit





























































CSR2 con0 is now available





Press RETURN to get started.









CSR2>
CSR2>
CSR2>enable
CSR2#terminal length 0
CSR2#more system:running-config
!
! Last configuration change at 13:28:59 UTC Wed Jul 4 2018
!
version 15.5
service timestamps debug datetime msec
service timestamps log datetime msec
no platform punt-keepalive disable-kernel-core
platform console serial
!
hostname CSR2
!
boot-start-marker
boot-end-marker
!
!
!
no aaa new-model
no process cpu autoprofile hog
!
!
!
!
!
!
!
!
!
!
!



!
!
!
!
!
!
!
!
!
!
subscriber templating
!
mpls label range 200 299
mpls ldp session protection
mpls ldp label
 allocate global prefix-list LABELS
multilink bundle-name authenticated
!
!
!
!
!
!
!
!
!
!
!
!
!
license udi pid CSR1000V sn 9S2KOPAUVOD
!
spanning-tree extend system-id
!
!
redundancy
!
!
!
!
!
!
! 
!
!
!
!
!
!
!
!
!
!
!
!
! 
! 
! 
! 
! 
! 
!
!
interface Loopback0
 ip address 2.2.2.2 255.255.255.255
!
interface Loopback10
 no ip address
!
interface GigabitEthernet1
 ip address 10.1.2.2 255.255.255.252
 negotiation auto
 mpls ip
!
interface GigabitEthernet2
 ip address 20.2.4.1 255.255.255.252
 negotiation auto
 mpls ip
!
interface GigabitEthernet3
 ip address 20.2.3.1 255.255.255.252
 negotiation auto
 mpls ip
!
interface GigabitEthernet4
 no ip address
 shutdown
 negotiation auto
!
router ospf 1
 network 2.2.2.2 0.0.0.0 area 0
 network 20.2.3.0 0.0.0.3 area 0
 network 20.2.4.0 0.0.0.3 area 0
 mpls ldp sync
!
router bgp 100
 bgp log-neighbor-changes
 neighbor 10.1.2.1 remote-as 1
 neighbor 19.19.19.19 remote-as 100
 neighbor 19.19.19.19 update-source Loopback0
 neighbor 19.19.19.19 next-hop-self
!
!
virtual-service csr_mgmt
!
ip forward-protocol nd
!
no ip http server
no ip http secure-server
!
!
ip prefix-list LABELS seq 5 permit 2.2.2.2/32
ip prefix-list LABELS seq 10 permit 3.3.3.3/32
ip prefix-list LABELS seq 15 permit 4.4.4.4/32
ip prefix-list LABELS seq 20 permit 5.5.5.5/32
ip prefix-list LABELS seq 25 permit 6.6.6.6/32
ip prefix-list LABELS seq 30 permit 19.19.19.19/32
!
mpls ldp router-id Loopback0 force
!
!
control-plane
!
 !
 !
 !
 !
!
!
!
!
!
line con 0
 exec-timeout 0 0
 stopbits 1
line vty 0
 login
line vty 1
 login
 length 0
line vty 2 4
 login
!
!
end

CSR2#quit





























































CSR2 con0 is now available





Press RETURN to get started.


