

IMPORTANT:  READ CAREFULLY
Welcome to the Demo Version of Cisco IOS XRv (the "Software").
The Software is subject to and governed by the terms and conditions
of the End User License Agreement and the Supplemental End User
License Agreement accompanying the product, made available at the
time of your order, or posted on the Cisco website at
www.cisco.com/go/terms (collectively, the "Agreement").
As set forth more fully in the Agreement, use of the Software is
strictly limited to internal use in a non-production environment
solely for demonstration and evaluation purposes.  Downloading,
installing, or using the Software constitutes acceptance of the
Agreement, and you are binding yourself and the business entity
that you represent to the Agreement.  If you do not agree to all
of the terms of the Agreement, then Cisco is unwilling to license
the Software to you and (a) you may not download, install or use the
Software, and (b) you may return the Software as more fully set forth
in the Agreement.


Please login with any configured user/password, or cisco/cisco


User Access Verification

Username: 

User Access Verification

Username: 

User Access Verification

Username: 
RP/0/0/CPU0:Jul 28 16:25:41.221 : exec[65723]: %MGBL-exec-3-LOGIN_AUTHEN : Login Authentication failed. Exiting... 


























XR1 con0/0/CPU0 is now available





Press RETURN to get started.



IMPORTANT:  READ CAREFULLY
Welcome to the Demo Version of Cisco IOS XRv (the "Software").
The Software is subject to and governed by the terms and conditions
of the End User License Agreement and the Supplemental End User
License Agreement accompanying the product, made available at the
time of your order, or posted on the Cisco website at
www.cisco.com/go/terms (collectively, the "Agreement").
As set forth more fully in the Agreement, use of the Software is
strictly limited to internal use in a non-production environment
solely for demonstration and evaluation purposes.  Downloading,
installing, or using the Software constitutes acceptance of the
Agreement, and you are binding yourself and the business entity
that you represent to the Agreement.  If you do not agree to all
of the terms of the Agreement, then Cisco is unwilling to license
the Software to you and (a) you may not download, install or use the
Software, and (b) you may return the Software as more fully set forth
in the Agreement.


Please login with any configured user/password, or cisco/cisco


User Access Verification

Username: cisco
Password: 
 

RP/0/0/CPU0:Jul 28 16:25:54.780 : exec[65723]: %SECURITY-LOGIN-4-AUTHEN_FAILED : Failed authentication attempt by user '<unknown>' from 'console' on 'con0_0_CPU0' 

User Access Verification

Username: 
Username: 


User Access Verification

Username: 
Username: cisco
Password: 


RP/0/0/CPU0:XR1#
RP/0/0/CPU0:XR1#
RP/0/0/CPU0:XR1#
RP/0/0/CPU0:XR1#show bgp summary 
Sat Jul 28 16:26:01.679 UTC
BGP router identifier 19.19.19.19, local AS number 100
BGP generic scan interval 60 secs
Non-stop routing is enabled
BGP table state: Active
Table ID: 0xe0000000   RD version: 9
BGP main routing table version 9
BGP NSR Initial initsync version 5 (Reached)
BGP NSR/ISSU Sync-Group versions 0/0
BGP scan interval 60 secs

BGP is operating in STANDALONE mode.


Process       RcvTblVer   bRIB/RIB   LabelVer  ImportVer  SendTblVer  StandbyVer
Speaker               9          9          9          9           9           0

Neighbor        Spk    AS MsgRcvd MsgSent   TblVer  InQ OutQ  Up/Down  St/PfxRcd
2.2.2.2           0   100      23      20        9    0    0 00:16:33          0

RP/0/0/CPU0:XR1#
*
* The idle timeout is soon to expire on this line
*



























XR1 con0/0/CPU0 is now available





Press RETURN to get started.

