
RP/0/0/CPU0:XR1#
RP/0/0/CPU0:XR1#
RP/0/0/CPU0:XR1#
RP/0/0/CPU0:XR1#
RP/0/0/CPU0:XR1#sh run 
Tue Jul 10 17:06:09.416 UTC
Building configuration...
!! IOS XR Configuration 6.0.1
!! Last configuration change at Tue Jul 10 16:56:29 2018 by cisco
!
hostname XR1
vrf VPN_A
 address-family ipv4 unicast
  import route-target
   100:1
  !
  export route-target
   100:1
  !
 !
!
ipv4 access-list LABELS
 10 permit ipv4 host 2.2.2.2 any
 20 permit ipv4 host 3.3.3.3 any
 30 permit ipv4 host 4.4.4.4 any
 40 permit ipv4 host 5.5.5.5 any
 50 permit ipv4 host 6.6.6.6 any
 60 permit ipv4 host 19.19.19.19 any
!
interface Loopback0
 ipv4 address 19.19.19.19 255.255.255.255
!
interface MgmtEth0/0/CPU0/0
 shutdown
!
interface GigabitEthernet0/0/0/0
 ipv4 address 20.6.19.2 255.255.255.252
!
interface GigabitEthernet0/0/0/1
 ipv4 address 20.5.19.2 255.255.255.252
!
interface GigabitEthernet0/0/0/2
 vrf VPN_A
 ipv4 address 10.19.20.1 255.255.255.252
!
route-policy PASS
  pass
end-policy
!
route-policy BGP_TO_RIP
  if destination in (10.1.2.0/24) then
    set rip-metric 1
  else
    pass
  endif
end-policy
!
router ospf 1
 mpls ldp sync
 area 0
  interface Loopback0
  !
  interface GigabitEthernet0/0/0/0
  !
  interface GigabitEthernet0/0/0/1
  !
 !
!
router bgp 100
 address-family ipv4 unicast
 !
 address-family vpnv4 unicast
 !
 neighbor 2.2.2.2
  remote-as 100
  update-source Loopback0
  address-family ipv4 unicast
   next-hop-self
  !
  address-family vpnv4 unicast
  !
 !
 vrf VPN_A
  rd 100:1
  address-family ipv4 unicast
  !
  neighbor 10.19.20.2
   remote-as 1
   address-family ipv4 unicast
    route-policy PASS in
    route-policy PASS out
    as-override
   !
  !
 !
!
mpls ldp
 session protection
 address-family ipv4
  label
   local
    allocate for LABELS
   !
  !
 !
 interface GigabitEthernet0/0/0/0
 !
 interface GigabitEthernet0/0/0/1
 !
!
mpls label range table 0 19000 19099
end

RP/0/0/CPU0:XR1#
RP/0/0/CPU0:XR1#
