
RP/0/0/CPU0:XR2#
*
* The idle timeout is soon to expire on this line
*



































































































































XR2 con0/0/CPU0 is now available





Press RETURN to get started.



IMPORTANT:  READ CAREFULLY
Welcome to the Demo Version of Cisco IOS XRv (the "Software").
The Software is subject to and governed by the terms and conditions
of the End User License Agreement and the Supplemental End User
License Agreement accompanying the product, made available at the
time of your order, or posted on the Cisco website at
www.cisco.com/go/terms (collectively, the "Agreement").
As set forth more fully in the Agreement, use of the Software is
strictly limited to internal use in a non-production environment
solely for demonstration and evaluation purposes.  Downloading,
installing, or using the Software constitutes acceptance of the
Agreement, and you are binding yourself and the business entity
that you represent to the Agreement.  If you do not agree to all
of the terms of the Agreement, then Cisco is unwilling to license
the Software to you and (a) you may not download, install or use the
Software, and (b) you may return the Software as more fully set forth
in the Agreement.


Please login with any configured user/password, or cisco/cisco


User Access Verification

Username: 
Username: cisco
Password: 


RP/0/0/CPU0:XR2#terminal length 0
Tue Jul 10 09:53:14.425 UTC
RP/0/0/CPU0:XR2#configure terminal
Tue Jul 10 09:53:14.585 UTC
RP/0/0/CPU0:XR2(config)#no logging console
RP/0/0/CPU0:XR2(config)#commit
Tue Jul 10 09:53:14.955 UTC
RP/0/0/CPU0:XR2(config)#exit
RP/0/0/CPU0:XR2#show running-config
Tue Jul 10 09:53:15.275 UTC
Building configuration...
!! IOS XR Configuration 6.0.1
!! Last configuration change at Tue Jul 10 09:01:31 2018 by cisco
!
hostname XR2
interface Loopback0
 ipv4 address 20.20.20.20 255.255.255.255
!
interface MgmtEth0/0/CPU0/0
 shutdown
!
interface GigabitEthernet0/0/0/0
 shutdown
!
interface GigabitEthernet0/0/0/1
 shutdown
!
interface GigabitEthernet0/0/0/2
 ipv4 address 10.19.20.2 255.255.255.252
!
route-policy PASS
  pass
end-policy
!
router bgp 20
 address-family ipv4 unicast
  network 20.20.20.20/32
 !
 neighbor 10.19.20.1
  remote-as 100
  address-family ipv4 unicast
   route-policy PASS in
   route-policy PASS out
  !
 !
!
router rip
 interface Loopback0
 !
 interface GigabitEthernet0/0/0/2
 !
!
end

RP/0/0/CPU0:XR2#quit


































































































































XR2 con0/0/CPU0 is now available





Press RETURN to get started.



IMPORTANT:  READ CAREFULLY
Welcome to the Demo Version of Cisco IOS XRv (the "Software").
The Software is subject to and governed by the terms and conditions
of the End User License Agreement and the Supplemental End User
License Agreement accompanying the product, made available at the
time of your order, or posted on the Cisco website at
www.cisco.com/go/terms (collectively, the "Agreement").
As set forth more fully in the Agreement, use of the Software is
strictly limited to internal use in a non-production environment
solely for demonstration and evaluation purposes.  Downloading,
installing, or using the Software constitutes acceptance of the
Agreement, and you are binding yourself and the business entity
that you represent to the Agreement.  If you do not agree to all
of the terms of the Agreement, then Cisco is unwilling to license
the Software to you and (a) you may not download, install or use the
Software, and (b) you may return the Software as more fully set forth
in the Agreement.


Please login with any configured user/password, or cisco/cisco


User Access Verification

Username: cisco
Password: 


RP/0/0/CPU0:XR2#
RP/0/0/CPU0:XR2#
RP/0/0/CPU0:XR2#sh run router rip
Tue Jul 10 10:12:33.546 UTC
router rip
 interface Loopback0
 !
 interface GigabitEthernet0/0/0/2
 !
!

RP/0/0/CPU0:XR2#
RP/0/0/CPU0:XR2#conf t
Tue Jul 10 10:12:35.106 UTC
RP/0/0/CPU0:XR2(config)#no router rip
RP/0/0/CPU0:XR2(config)#router eigrp 1
RP/0/0/CPU0:XR2(config-eigrp)#address-family ipv4 
RP/0/0/CPU0:XR2(config-eigrp-af)#interface gigabitEthernet 0/0/0/2
RP/0/0/CPU0:XR2(config-eigrp-af-if)#
RP/0/0/CPU0:XR2(config-eigrp-af-if)#inter lo0
RP/0/0/CPU0:XR2(config-eigrp-af-if)#commit
Tue Jul 10 10:13:02.944 UTC
RP/0/0/CPU0:XR2(config-eigrp-af-if)#
RP/0/0/CPU0:XR2(config-eigrp-af-if)#end
RP/0/0/CPU0:XR2#
RP/0/0/CPU0:XR2#
RP/0/0/CPU0:XR2#
RP/0/0/CPU0:XR2#
