Connected to Dynamips VM "R1" (ID 1, type c7200) - Console port
Press ENTER to get the prompt.
ROMMON emulation microcode.

                           Launching IOS image at 0x80008000...

              Restricted Rights Legend

Use, duplication, or disclosure by the Government is
subject to restrictions as set forth in subparagraph
(c) of the Commercial Computer Software - Restricted
Rights clause at FAR sec. 52.227-19 and subparagraph
(c) (1) (ii) of the Rights in Technical Data and Computer
Software clause at DFARS sec. 252.227-7013.

           cisco Systems, Inc.
           170 West Tasman Drive
           San Jose, California 95134-1706



Cisco IOS Software, 7200 Software (C7200-ADVIPSERVICESK9-M), Version 15.2(4)S5, RELEASE SOFTWARE (fc1)
Technical Support: http://www.cisco.com/techsupport
Copyright (c) 1986-2014 by Cisco Systems, Inc.
Compiled Thu 20-Feb-14 06:51 by prod_rel_team


This product contains cryptographic features and is subject to United
States and local country laws governing import, export, transfer and
use. Delivery of Cisco cryptographic products does not imply
third-party authority to import, export, distribute or use encryption.
Importers, exporters, distributors and users are responsible for
compliance with U.S. and local country laws. By using this product you
agree to comply with applicable laws and regulations. If you are unable
to comply with U.S. and local laws, return this product immediately.

A summary of U.S. laws governing Cisco cryptographic products may be found at:
http://www.cisco.com/wwl/export/crypto/tool/stqrg.html

If you require further assistance please contact us by sending email to
export@cisco.com.

Cisco 7206VXR (NPE400) processor (revision A) with 491520K/32768K bytes of memory.
Processor board ID 4279256517
R7000 CPU at 150MHz, Implementation 39, Rev 2.1, 256KB L2, 512KB L3 Cache
6 slot VXR midplane, Version 2.1

Last reset from power-on

PCI bus mb0_mb1 (Slots 0, 1, 3 and 5) has a capacity of 600 bandwidth points.
Current configuration on bus mb0_mb1 has a total of 400 bandwidth points. 
This configuration is within the PCI bus capacity and is supported. 

PCI bus mb2 (Slots 2, 4, 6) has a capacity of 600 bandwidth points.
Current configuration on bus mb2 has a total of 0 bandwidth points 
This configuration is within the PCI bus capacity and is supported. 

Please refer to the following document "Cisco 7200 Series Port Adaptor
Hardware Configuration Guidelines" on Cisco.com <http://www.cisco.com>
for c7200 bandwidth points oversubscription and usage guidelines.


2 FastEthernet interfaces
125K bytes of NVRAM.

131072K bytes of ATA PCMCIA card at slot 0 (Sector size 512 bytes).
131072K bytes of ATA PCMCIA card at slot 1 (Sector size 512 bytes).
8192K bytes of Flash internal SIMM (Sector size 256K).
% Crashinfo may not be recovered at bootflash:crashinfo
% This file system device reports an error


Press RETURN to get started!


*Jul 10 04:54:57.447: %DEC21140-1-INITFAIL: Unsupported PHY brand timed out, csr5=0x0
*Jul 10 04:54:57.551: %DEC21140-1-INITFAIL: Unsupported PHY brand timed out, csr5=0x0
*Jul 10 04:55:09.699: %LINK-3-UPDOWN: Interface FastEthernet0/0, changed state to up
*Jul 10 04:55:09.735: %LINK-3-UPDOWN: Interface FastEthernet1/0, changed state to up
*Jul 10 04:55:10.255: %LINEPROTO-5-UPDOWN: Line protocol on Interface Loopback0, changed state to up
*Jul 10 04:55:10.895: %SYS-5-CONFIG_I: Configured from memory by console
*Jul 10 04:55:11.243: %SYS-5-RESTART: System restarted --
Cisco IOS Software, 7200 Software (C7200-ADVIPSERVICESK9-M), Version 15.2(4)S5, RELEASE SOFTWARE (fc1)
Technical Support: http://www.cisco.com/techsupport
Copyright (c) 1986-2014 by Cisco Systems, Inc.
Compiled Thu 20-Feb-14 06:51 by prod_rel_team
*Jul 10 04:55:11.531: %LINEPROTO-5-UPDOWN: Line protocol on Interface FastEthernet0/0, changed state to up
*Jul 10 04:55:11.531: %LINEPROTO-5-UPDOWN: Line protocol on Interface FastEthernet1/0, changed state to down
*Jul 10 04:55:12.543: %LINK-5-CHANGED: Interface FastEthernet1/0, changed state to administratively down
R1>
R1>
R1>
R1>
R1>sh
R1>show ip route
Codes: L - local, C - connected, S - static, R - RIP, M - mobile, B - BGP
       D - EIGRP, EX - EIGRP external, O - OSPF, IA - OSPF inter area 
       N1 - OSPF NSSA external type 1, N2 - OSPF NSSA external type 2
       E1 - OSPF external type 1, E2 - OSPF external type 2
       i - IS-IS, su - IS-IS summary, L1 - IS-IS level-1, L2 - IS-IS level-2
       ia - IS-IS inter area, * - candidate default, U - per-user static route
       o - ODR, P - periodic downloaded static route, H - NHRP, l - LISP
       + - replicated route, % - next hop override

Gateway of last resort is not set

      1.0.0.0/32 is subnetted, 1 subnets
C        1.1.1.1 is directly connected, Loopback0
      10.0.0.0/8 is variably subnetted, 2 subnets, 2 masks
C        10.1.2.0/30 is directly connected, FastEthernet0/0
L        10.1.2.1/32 is directly connected, FastEthernet0/0
R1>
R1>
R1>

































R1 con0 is now available





Press RETURN to get started.








*Jul 10 05:18:37.995: %BGP-5-ADJCHANGE: neighbor 10.1.2.2 Up 
R1>
R1>
R1>
R1>en
R1#
R1#
R1#
R1#sh run 
Building configuration...

Current configuration : 763 bytes
!
version 15.2
service timestamps debug datetime msec
service timestamps log datetime msec
!
hostname R1
!
boot-start-marker
boot-end-marker
!
!
!
no aaa new-model
ip cef
!
!
!
!
!
!
no ipv6 cef
!         
!
multilink bundle-name authenticated
!
!
!
!
!
!
!
!
!
! 
!
!
!
!
!
!
!
!
!
!
!         
interface Loopback0
 ip address 1.1.1.1 255.255.255.255
!
interface FastEthernet0/0
 ip address 10.1.2.1 255.255.255.252
 duplex full
!
interface FastEthernet1/0
 no ip address
 shutdown
 duplex full
!
router bgp 1
 bgp log-neighbor-changes
 network 1.1.1.1 mask 255.255.255.255
 neighbor 10.1.2.2 remote-as 100
!
ip forward-protocol nd
!
!
no ip http server
no ip http secure-server
!         
!
!
!
control-plane
!
!
line con 0
 stopbits 1
line aux 0
 stopbits 1
line vty 0 4
 login
!
!
end

R1#conf t
Enter configuration commands, one per line.  End with CNTL/Z.
R1(config)#no router bgp 1
R1(config)#
*Jul 10 05:23:47.751: %BGP-5-ADJCHANGE: neighbor 10.1.2.2 Down Neighbor deleted
*Jul 10 05:23:47.751: %BGP_SESSION-5-ADJCHANGE: neighbor 10.1.2.2 IPv4 Unicast topology base removed from session  Neighbor deleted
R1(config)#
R1(config)#
R1(config)#ip rout
R1(config)#ip route
R1(config)#ip route 0.0.0.0 0.0.0.0 10
R1(config)#ip route 0.0.0.0 0.0.0.0 ? 
  A.B.C.D            Forwarding router's address
  ACR                Virtual ACR interface
  ATM-ACR            ATM interface with ACR
  Analysis-Module    cisco network analysis service module
  Async              Async interface
  Auto-Template      Auto-Template interface
  BVI                Bridge-Group Virtual Interface
  CDMA-Ix            CDMA Ix interface
  CEM-ACR            Circuit Emulation interface with ACR
  CTunnel            CTunnel interface
  Container          Container interface
  DHCP               Default Gateway obtained from DHCP
  Dialer             Dialer interface
  EsconPhy           ESCON interface
  FastEthernet       FastEthernet IEEE 802.3
  Fcpa               Fiber Channel
  Filter             Filter interface
  Filtergroup        Filter Group interface
  GMPLS              MPLS interface
  IMA-ACR            IMA interface with ACR
  LISP               Locator/ID Separation Protocol Virtual Interface
  LongReachEthernet  Long-Reach Ethernet interface
          
R1(config)#ip route 0.0.0.0 0.0.0.0 10.1.2.2
R1(config)#
R1(config)#
R1(config)#exit
R1#
R1#wr
Building configuration...

*Jul 10 05:24:18.827: %SYS-5-CONFIG_I: Configured from console by console[OK]
R1#
R1#
R1#

































R1 con0 is now available





Press RETURN to get started.








R1>en
R1#
R1#
R1#sh run int
R1#sh run interface lo0
Building configuration...

Current configuration : 63 bytes
!
interface Loopback0
 ip address 1.1.1.1 255.255.255.255
end

R1#
R1#
R1#
R1#
R1#sh run | s r ip
R1#
R1#sh run | s ip roite
R1#sh run | s ip route
ip route 0.0.0.0 0.0.0.0 10.1.2.2
R1#
R1#
R1#
R1#tra  
R1#traceroute 20.20.20.20 so
R1#traceroute 20.20.20.20 source lo0
Type escape sequence to abort.
Tracing the route to 20.20.20.20
VRF info: (vrf in name/id, vrf out name/id)
  1 10.1.2.2 8 msec 36 msec 48 msec
  2 20.2.3.2 [MPLS: Labels 303/19005 Exp 0] 48 msec 36 msec 48 msec
  3 20.3.6.2 [MPLS: Labels 603/19005 Exp 0] 48 msec 44 msec 52 msec
  4 20.6.19.2 52 msec 52 msec 72 msec
  5 10.19.20.2 88 msec 52 msec * 
R1#ping 20.20.20.20 so
R1#ping 20.20.20.20 source lo0
Type escape sequence to abort.
Sending 5, 100-byte ICMP Echos to 20.20.20.20, timeout is 2 seconds:
Packet sent with a source address of 1.1.1.1 
!!!!!
Success rate is 100 percent (5/5), round-trip min/avg/max = 48/51/60 ms
R1#
R1#
R1#

































R1 con0 is now available





Press RETURN to get started.








