

IMPORTANT:  READ CAREFULLY
Welcome to the Demo Version of Cisco IOS XRv (the "Software").
The Software is subject to and governed by the terms and conditions
of the End User License Agreement and the Supplemental End User
License Agreement accompanying the product, made available at the
time of your order, or posted on the Cisco website at
www.cisco.com/go/terms (collectively, the "Agreement").
As set forth more fully in the Agreement, use of the Software is
strictly limited to internal use in a non-production environment
solely for demonstration and evaluation purposes.  Downloading,
installing, or using the Software constitutes acceptance of the
Agreement, and you are binding yourself and the business entity
that you represent to the Agreement.  If you do not agree to all
of the terms of the Agreement, then Cisco is unwilling to license
the Software to you and (a) you may not download, install or use the
Software, and (b) you may return the Software as more fully set forth
in the Agreement.


Please login with any configured user/password, or cisco/cisco


User Access Verification

Username: cisco
Password: 


RP/0/0/CPU0:XR2#
RP/0/0/CPU0:XR2#
RP/0/0/CPU0:XR2#show ip rote
                        ^
% Invalid input detected at '^' marker.
RP/0/0/CPU0:XR2#show route  
Tue Jul 10 16:15:33.054 UTC

Codes: C - connected, S - static, R - RIP, B - BGP, (>) - Diversion path
       D - EIGRP, EX - EIGRP external, O - OSPF, IA - OSPF inter area
       N1 - OSPF NSSA external type 1, N2 - OSPF NSSA external type 2
       E1 - OSPF external type 1, E2 - OSPF external type 2, E - EGP
       i - ISIS, L1 - IS-IS level-1, L2 - IS-IS level-2
       ia - IS-IS inter area, su - IS-IS summary null, * - candidate default
       U - per-user static route, o - ODR, L - local, G  - DAGR, l - LISP
       A - access/subscriber, a - Application route
       M - mobile route, r - RPL, (!) - FRR Backup path

Gateway of last resort is not set

C    10.19.20.0/30 is directly connected, 14:15:29, GigabitEthernet0/0/0/2
L    10.19.20.2/32 is directly connected, 14:15:29, GigabitEthernet0/0/0/2
L    20.20.20.20/32 is directly connected, 14:15:30, Loopback0
RP/0/0/CPU0:XR2#
RP/0/0/CPU0:XR2#
RP/0/0/CPU0:XR2#sh bgp sum
Tue Jul 10 16:17:13.857 UTC
BGP router identifier 20.20.20.20, local AS number 1
BGP generic scan interval 60 secs
Non-stop routing is enabled
BGP table state: Active
Table ID: 0xe0000000   RD version: 3
BGP main routing table version 3
BGP NSR Initial initsync version 2 (Reached)
BGP NSR/ISSU Sync-Group versions 0/0
BGP scan interval 60 secs

BGP is operating in STANDALONE mode.


Process       RcvTblVer   bRIB/RIB   LabelVer  ImportVer  SendTblVer  StandbyVer
Speaker               3          3          3          3           3           0

Neighbor        Spk    AS MsgRcvd MsgSent   TblVer  InQ OutQ  Up/Down  St/PfxRcd
10.19.20.1        0   100      17      20        3    0    0 00:14:28          0

RP/0/0/CPU0:XR2#
