
RP/0/0/CPU0:XR1#
RP/0/0/CPU0:XR1#
RP/0/0/CPU0:XR1#
RP/0/0/CPU0:XR1#
RP/0/0/CPU0:XR1#
RP/0/0/CPU0:XR1#
RP/0/0/CPU0:XR1#
RP/0/0/CPU0:XR1#exit


































































































































XR1 con0/0/CPU0 is now available





Press RETURN to get started.



IMPORTANT:  READ CAREFULLY
Welcome to the Demo Version of Cisco IOS XRv (the "Software").
The Software is subject to and governed by the terms and conditions
of the End User License Agreement and the Supplemental End User
License Agreement accompanying the product, made available at the
time of your order, or posted on the Cisco website at
www.cisco.com/go/terms (collectively, the "Agreement").
As set forth more fully in the Agreement, use of the Software is
strictly limited to internal use in a non-production environment
solely for demonstration and evaluation purposes.  Downloading,
installing, or using the Software constitutes acceptance of the
Agreement, and you are binding yourself and the business entity
that you represent to the Agreement.  If you do not agree to all
of the terms of the Agreement, then Cisco is unwilling to license
the Software to you and (a) you may not download, install or use the
Software, and (b) you may return the Software as more fully set forth
in the Agreement.


Please login with any configured user/password, or cisco/cisco


User Access Verification

Username: 
Username: 


User Access Verification

Username: 
Username: 


User Access Verification

Username: 
Username: cisco
Password: 


RP/0/0/CPU0:XR1#terminal length 0
Tue Jul 10 17:00:45.418 UTC
RP/0/0/CPU0:XR1#configure terminal
Tue Jul 10 17:00:45.578 UTC
RP/0/0/CPU0:XR1(config)#no logging console
RP/0/0/CPU0:XR1(config)#commit
Tue Jul 10 17:00:46.018 UTC
RP/0/0/CPU0:XR1(config)#exit
RP/0/0/CPU0:XR1#show running-config
Tue Jul 10 17:00:46.368 UTC
Building configuration...
!! IOS XR Configuration 6.0.1
!! Last configuration change at Tue Jul 10 16:56:29 2018 by cisco
!
hostname XR1
vrf VPN_A
 address-family ipv4 unicast
  import route-target
   100:1
  !
  export route-target
   100:1
  !
 !
!
ipv4 access-list LABELS
 10 permit ipv4 host 2.2.2.2 any
 20 permit ipv4 host 3.3.3.3 any
 30 permit ipv4 host 4.4.4.4 any
 40 permit ipv4 host 5.5.5.5 any
 50 permit ipv4 host 6.6.6.6 any
 60 permit ipv4 host 19.19.19.19 any
!
interface Loopback0
 ipv4 address 19.19.19.19 255.255.255.255
!
interface MgmtEth0/0/CPU0/0
 shutdown
!
interface GigabitEthernet0/0/0/0
 ipv4 address 20.6.19.2 255.255.255.252
!
interface GigabitEthernet0/0/0/1
 ipv4 address 20.5.19.2 255.255.255.252
!
interface GigabitEthernet0/0/0/2
 vrf VPN_A
 ipv4 address 10.19.20.1 255.255.255.252
!
route-policy PASS
  pass
end-policy
!
route-policy BGP_TO_RIP
  if destination in (10.1.2.0/24) then
    set rip-metric 1
  else
    pass
  endif
end-policy
!
router ospf 1
 mpls ldp sync
 area 0
  interface Loopback0
  !
  interface GigabitEthernet0/0/0/0
  !
  interface GigabitEthernet0/0/0/1
  !
 !
!
router bgp 100
 address-family ipv4 unicast
 !
 address-family vpnv4 unicast
 !
 neighbor 2.2.2.2
  remote-as 100
  update-source Loopback0
  address-family ipv4 unicast
   next-hop-self
  !
  address-family vpnv4 unicast
  !
 !
 vrf VPN_A
  rd 100:1
  address-family ipv4 unicast
  !
  neighbor 10.19.20.2
   remote-as 1
   address-family ipv4 unicast
    route-policy PASS in
    route-policy PASS out
    as-override
   !
  !
 !
!
mpls ldp
 session protection
 address-family ipv4
  label
   local
    allocate for LABELS
   !
  !
 !
 interface GigabitEthernet0/0/0/0
 !
 interface GigabitEthernet0/0/0/1
 !
!
mpls label range table 0 19000 19099
end

RP/0/0/CPU0:XR1#
RP/0/0/CPU0:XR1#
RP/0/0/CPU0:XR1#
RP/0/0/CPU0:XR1#
RP/0/0/CPU0:XR1#
RP/0/0/CPU0:XR1#
