Connected to Dynamips VM "R8" (ID 8, type c7200) - Console port
Press ENTER to get the prompt.
 products may be found at:
http://www.cisco.com/wwl/export/crypto/tool/stqrg.html

If you require further assistance please contact us by sending email to
export@cisco.com.

Cisco 7206VXR (NPE400) processor (revision A) with 491520K/32768K bytes of memory.
Processor board ID 4279256517
R7000 CPU at 150MHz, Implementation 39, Rev 2.1, 256KB L2, 512KB L3 Cache
6 slot VXR midplane, Version 2.1

Last reset from power-on

PCI bus mb0_mb1 (Slots 0, 1, 3 and 5) has a capacity of 600 bandwidth points.
Current configuration on bus mb0_mb1 has a total of 400 bandwidth points. 
This configuration is within the PCI bus capacity and is supported. 

PCI bus mb2 (Slots 2, 4, 6) has a capacity of 600 bandwidth points.
Current configuration on bus mb2 has a total of 200 bandwidth points 
This configuration is within the PCI bus capacity and is supported. 

Please refer to the following document "Cisco 7200 Series Port Adaptor
Hardware Configuration Guidelines" on Cisco.com <http://www.cisco.com>
for c7200 bandwidth points oversubscription and usage guidelines.


3 FastEthernet interfaces
125K bytes of NVRAM.

131072K bytes of ATA PCMCIA card at slot 0 (Sector size 512 bytes).
131072K bytes of ATA PCMCIA card at slot 1 (Sector size 512 bytes).
8192K bytes of Flash internal SIMM (Sector size 256K).
% Crashinfo may not be recovered at bootflash:crashinfo
% This file system device reports an error


Press RETURN to get started!


*Jul 10 04:54:49.399: %DEC21140-1-INITFAIL: Unsupported PHY brand timed out, csr5=0x0
*Jul 10 04:54:49.503: %DEC21140-1-INITFAIL: Unsupported PHY brand timed out, csr5=0x0
*Jul 10 04:54:49.607: %DEC21140-1-INITFAIL: Unsupported PHY brand timed out, csr5=0x0
*Jul 10 04:55:00.923: %LINK-3-UPDOWN: Interface FastEthernet0/0, changed state to up
*Jul 10 04:55:00.963: %LINK-3-UPDOWN: Interface FastEthernet1/0, changed state to up
*Jul 10 04:55:00.975: %LINK-3-UPDOWN: Interface FastEthernet2/0, changed state to up
*Jul 10 04:55:01.723: %LINEPROTO-5-UPDOWN: Line protocol on Interface Loopback0, changed state to up
*Jul 10 04:55:02.591: %SYS-5-CONFIG_I: Configured from memory by console
*Jul 10 04:55:03.027: %SYS-5-RESTART: System restarted --
Cisco IOS Software, 7200 Software (C7200-ADVIPSERVICESK9-M), Version 15.2(4)S5, RELEASE SOFTWARE (fc1)
Technical Support: http://www.cisco.com/techsupport
Copyright (c) 1986-2014 by Cisco Systems, Inc.
Compiled Thu 20-Feb-14 06:51 by prod_rel_team
*Jul 10 04:55:03.539: %LINEPROTO-5-UPDOWN: Line protocol on Interface FastEthernet0/0, changed state to up
*Jul 10 04:55:03.543: %LINEPROTO-5-UPDOWN: Line protocol on Interface FastEthernet1/0, changed state to down
*Jul 10 04:55:03.547: %LINEPROTO-5-UPDOWN: Line protocol on Interface FastEthernet2/0, changed state to down
*Jul 10 04:55:04.327: %LINK-5-CHANGED: Interface FastEthernet1/0, changed state to administratively down
*Jul 10 04:55:04.407: %LINK-5-CHANGED: Interface FastEthernet2/0, changed state to administratively down
R8>
R8>
R8>exit

































R8 con0 is now available





Press RETURN to get started.


R8>
R8>
R8>    
*Jul 10 05:03:09.767: %OSPF-5-ADJCHG: Process 1, Nbr 5.5.5.5 on FastEthernet0/0 from LOADING to FULL, Loading Done
R8>
R8>
R8>

































R8 con0 is now available





Press RETURN to get started.


*Jul 10 07:41:34.223: %OSPF-5-ADJCHG: Process 1, Nbr 5.5.5.5 on FastEthernet0/0 from LOADING to FULL, Loading Done
R8>
R8>
R8>
R8>
R8>
R8>

































R8 con0 is now available





Press RETURN to get started.



R8>em
Translating "em"...domain server (255.255.255.255)

% Bad IP address or host name
Translating "em"...domain server (255.255.255.255)
 (255.255.255.255)
Translating "em"...domain server (255.255.255.255)
% Unknown command or computer name, or unable to find computer address
R8>
R8>
R8>
R8>
R8>
R8>
R8>
